<?xml version="1.0" encoding="UTF-8"?>
<!-- Generated by org.testng.reporters.JUnitReportReporter -->
<testsuite skipped="2" hostname="Mahesh-PC" name="com.stc.gitcheck.cicdtest.scripts.OpenApplication" tests="3" failures="0" timestamp="2021-06-10T09:29:52 IST" time="8.457" errors="1">
  <testcase name="forgotpassword" time="0.000" classname="com.stc.gitcheck.cicdtest.scripts.OpenApplication">
    <skipped/>
  </testcase> <!-- forgotpassword -->
  <testcase name="openApplication" time="0.000" classname="com.stc.gitcheck.cicdtest.scripts.OpenApplication">
    <skipped/>
  </testcase> <!-- openApplication -->
  <testcase name="setUp" time="8.457" classname="com.stc.gitcheck.cicdtest.scripts.OpenApplication">
    <error type="org.openqa.selenium.SessionNotCreatedException" message="session not created
from disconnected: received Inspector.detached event
  (Session info: chrome=91.0.4472.77)
Build info: version: &#039;3.141.59&#039;, revision: &#039;e82be7d358&#039;, time: &#039;2018-11-14T08:17:03&#039;
System info: host: &#039;MAHESH-PC&#039;, ip: &#039;192.168.43.155&#039;, os.name: &#039;Windows 7&#039;, os.arch: &#039;amd64&#039;, os.version: &#039;6.1&#039;, java.version: &#039;1.8.0_221&#039;
Driver info: driver.version: ChromeDriver
remote stacktrace: Backtrace:
	Ordinal0 [0x00272DB3+2502067]
	Ordinal0 [0x0020C5B1+2082225]
	Ordinal0 [0x00112498+1057944]
	Ordinal0 [0x00105864+1005668]
	Ordinal0 [0x001054A4+1004708]
	Ordinal0 [0x00104BEC+1002476]
	Ordinal0 [0x00103D69+998761]
	Ordinal0 [0x00104026+999462]
	Ordinal0 [0x00103915+997653]
	Ordinal0 [0x0010E534+1041716]
	Ordinal0 [0x001038D1+997585]
	Ordinal0 [0x001047F6+1001462]
	Ordinal0 [0x00103D69+998761]
	Ordinal0 [0x00104026+999462]
	Ordinal0 [0x00103915+997653]
	Ordinal0 [0x0010C5AA+1033642]
	Ordinal0 [0x001038D1+997585]
	Ordinal0 [0x001047F6+1001462]
	Ordinal0 [0x00103D69+998761]
	Ordinal0 [0x00104026+999462]
	Ordinal0 [0x00103915+997653]
	Ordinal0 [0x0010A459+1025113]
	Ordinal0 [0x001038D1+997585]
	Ordinal0 [0x001047F6+1001462]
	Ordinal0 [0x00103D69+998761]
	Ordinal0 [0x00104026+999462]
	Ordinal0 [0x00103915+997653]
	Ordinal0 [0x0010977C+1021820]
	Ordinal0 [0x001038D1+997585]
	Ordinal0 [0x001047F6+1001462]
	Ordinal0 [0x00103D69+998761]
	Ordinal0 [0x00104026+999462]
	Ordinal0 [0x00103915+997653]
	Ordinal0 [0x000FF42D+980013]
	Ordinal0 [0x001038D1+997585]
	Ordinal0 [0x00103670+996976]
	Ordinal0 [0x00103409+996361]
	Ordinal0 [0x001136A0+1062560]
	Ordinal0 [0x0015AA59+1354329]
	Ordinal0 [0x0015967A+1349242]
	Ordinal0 [0x00155BEB+1334251]
	Ordinal0 [0x00132174+1188212]
	Ordinal0 [0x00133009+1191945]
	GetHandleVerifier [0x003EEC5C+1511084]
	GetHandleVerifier [0x00498522+2205554]
	GetHandleVerifier [0x002F3393+480739]
	GetHandleVerifier [0x002F2579+477129]
	Ordinal0 [0x00211E5D+2104925]
	Ordinal0 [0x002163F8+2122744]
	Ordinal0 [0x00216537+2123063]
	Ordinal0 [0x0021EE53+2158163]
	BaseThreadInitThunk [0x76E6343D+18]
	RtlInitializeExceptionChain [0x77AB9812+99]
	RtlInitializeExceptionChain [0x77AB97E5+54]
">
      <![CDATA[org.openqa.selenium.SessionNotCreatedException: session not created
from disconnected: received Inspector.detached event
  (Session info: chrome=91.0.4472.77)
Build info: version: '3.141.59', revision: 'e82be7d358', time: '2018-11-14T08:17:03'
System info: host: 'MAHESH-PC', ip: '192.168.43.155', os.name: 'Windows 7', os.arch: 'amd64', os.version: '6.1', java.version: '1.8.0_221'
Driver info: driver.version: ChromeDriver
remote stacktrace: Backtrace:
Ordinal0 [0x00272DB3+2502067]
Ordinal0 [0x0020C5B1+2082225]
Ordinal0 [0x00112498+1057944]
Ordinal0 [0x00105864+1005668]
Ordinal0 [0x001054A4+1004708]
Ordinal0 [0x00104BEC+1002476]
Ordinal0 [0x00103D69+998761]
Ordinal0 [0x00104026+999462]
Ordinal0 [0x00103915+997653]
Ordinal0 [0x0010E534+1041716]
Ordinal0 [0x001038D1+997585]
Ordinal0 [0x001047F6+1001462]
Ordinal0 [0x00103D69+998761]
Ordinal0 [0x00104026+999462]
Ordinal0 [0x00103915+997653]
Ordinal0 [0x0010C5AA+1033642]
Ordinal0 [0x001038D1+997585]
Ordinal0 [0x001047F6+1001462]
Ordinal0 [0x00103D69+998761]
Ordinal0 [0x00104026+999462]
Ordinal0 [0x00103915+997653]
Ordinal0 [0x0010A459+1025113]
Ordinal0 [0x001038D1+997585]
Ordinal0 [0x001047F6+1001462]
Ordinal0 [0x00103D69+998761]
Ordinal0 [0x00104026+999462]
Ordinal0 [0x00103915+997653]
Ordinal0 [0x0010977C+1021820]
Ordinal0 [0x001038D1+997585]
Ordinal0 [0x001047F6+1001462]
Ordinal0 [0x00103D69+998761]
Ordinal0 [0x00104026+999462]
Ordinal0 [0x00103915+997653]
Ordinal0 [0x000FF42D+980013]
Ordinal0 [0x001038D1+997585]
Ordinal0 [0x00103670+996976]
Ordinal0 [0x00103409+996361]
Ordinal0 [0x001136A0+1062560]
Ordinal0 [0x0015AA59+1354329]
Ordinal0 [0x0015967A+1349242]
Ordinal0 [0x00155BEB+1334251]
Ordinal0 [0x00132174+1188212]
Ordinal0 [0x00133009+1191945]
GetHandleVerifier [0x003EEC5C+1511084]
GetHandleVerifier [0x00498522+2205554]
GetHandleVerifier [0x002F3393+480739]
GetHandleVerifier [0x002F2579+477129]
Ordinal0 [0x00211E5D+2104925]
Ordinal0 [0x002163F8+2122744]
Ordinal0 [0x00216537+2123063]
Ordinal0 [0x0021EE53+2158163]
BaseThreadInitThunk [0x76E6343D+18]
RtlInitializeExceptionChain [0x77AB9812+99]
RtlInitializeExceptionChain [0x77AB97E5+54]

at sun.reflect.NativeConstructorAccessorImpl.newInstance0(Native Method)
at sun.reflect.NativeConstructorAccessorImpl.newInstance(NativeConstructorAccessorImpl.java:62)
at sun.reflect.DelegatingConstructorAccessorImpl.newInstance(DelegatingConstructorAccessorImpl.java:45)
at java.lang.reflect.Constructor.newInstance(Constructor.java:423)
at org.openqa.selenium.remote.W3CHandshakeResponse.lambda$errorHandler$0(W3CHandshakeResponse.java:62)
at org.openqa.selenium.remote.HandshakeResponse.lambda$getResponseFunction$0(HandshakeResponse.java:30)
at org.openqa.selenium.remote.ProtocolHandshake.lambda$createSession$0(ProtocolHandshake.java:126)
at java.util.stream.ReferencePipeline$3$1.accept(ReferencePipeline.java:193)
at java.util.Spliterators$ArraySpliterator.tryAdvance(Spliterators.java:958)
at java.util.stream.ReferencePipeline.forEachWithCancel(ReferencePipeline.java:126)
at java.util.stream.AbstractPipeline.copyIntoWithCancel(AbstractPipeline.java:499)
at java.util.stream.AbstractPipeline.copyInto(AbstractPipeline.java:486)
at java.util.stream.AbstractPipeline.wrapAndCopyInto(AbstractPipeline.java:472)
at java.util.stream.FindOps$FindOp.evaluateSequential(FindOps.java:152)
at java.util.stream.AbstractPipeline.evaluate(AbstractPipeline.java:234)
at java.util.stream.ReferencePipeline.findFirst(ReferencePipeline.java:464)
at org.openqa.selenium.remote.ProtocolHandshake.createSession(ProtocolHandshake.java:128)
at org.openqa.selenium.remote.ProtocolHandshake.createSession(ProtocolHandshake.java:74)
at org.openqa.selenium.remote.HttpCommandExecutor.execute(HttpCommandExecutor.java:136)
at org.openqa.selenium.remote.service.DriverCommandExecutor.execute(DriverCommandExecutor.java:83)
at org.openqa.selenium.remote.RemoteWebDriver.execute(RemoteWebDriver.java:552)
at org.openqa.selenium.remote.RemoteWebDriver.startSession(RemoteWebDriver.java:213)
at org.openqa.selenium.remote.RemoteWebDriver.<init>(RemoteWebDriver.java:131)
at org.openqa.selenium.chrome.ChromeDriver.<init>(ChromeDriver.java:181)
at org.openqa.selenium.chrome.ChromeDriver.<init>(ChromeDriver.java:168)
at org.openqa.selenium.chrome.ChromeDriver.<init>(ChromeDriver.java:123)
at com.stc.gitcheck.cicdtest.scripts.OpenApplication.setUp(OpenApplication.java:21)
at sun.reflect.NativeMethodAccessorImpl.invoke0(Native Method)
at sun.reflect.NativeMethodAccessorImpl.invoke(NativeMethodAccessorImpl.java:62)
at sun.reflect.DelegatingMethodAccessorImpl.invoke(DelegatingMethodAccessorImpl.java:43)
at java.lang.reflect.Method.invoke(Method.java:498)
at org.testng.internal.MethodInvocationHelper.invokeMethod(MethodInvocationHelper.java:133)
at org.testng.internal.MethodInvocationHelper.invokeMethodConsideringTimeout(MethodInvocationHelper.java:62)
at org.testng.internal.ConfigInvoker.invokeConfigurationMethod(ConfigInvoker.java:340)
at org.testng.internal.ConfigInvoker.invokeConfigurations(ConfigInvoker.java:294)
at org.testng.internal.TestInvoker.runConfigMethods(TestInvoker.java:683)
at org.testng.internal.TestInvoker.invokeMethod(TestInvoker.java:510)
at org.testng.internal.TestInvoker.invokeTestMethod(TestInvoker.java:172)
at org.testng.internal.MethodRunner.runInSequence(MethodRunner.java:46)
at org.testng.internal.TestInvoker$MethodInvocationAgent.invoke(TestInvoker.java:804)
at org.testng.internal.TestInvoker.invokeTestMethods(TestInvoker.java:145)
at org.testng.internal.TestMethodWorker.invokeTestMethods(TestMethodWorker.java:146)
at org.testng.internal.TestMethodWorker.run(TestMethodWorker.java:128)
at java.util.ArrayList.forEach(ArrayList.java:1257)
at org.testng.TestRunner.privateRun(TestRunner.java:770)
at org.testng.TestRunner.run(TestRunner.java:591)
at org.testng.SuiteRunner.runTest(SuiteRunner.java:402)
at org.testng.SuiteRunner.runSequentially(SuiteRunner.java:396)
at org.testng.SuiteRunner.privateRun(SuiteRunner.java:355)
at org.testng.SuiteRunner.run(SuiteRunner.java:304)
at org.testng.SuiteRunnerWorker.runSuite(SuiteRunnerWorker.java:53)
at org.testng.SuiteRunnerWorker.run(SuiteRunnerWorker.java:96)
at org.testng.TestNG.runSuitesSequentially(TestNG.java:1180)
at org.testng.TestNG.runSuitesLocally(TestNG.java:1102)
at org.testng.TestNG.runSuites(TestNG.java:1032)
at org.testng.TestNG.run(TestNG.java:1000)
at org.testng.remote.AbstractRemoteTestNG.run(AbstractRemoteTestNG.java:115)
at org.testng.remote.RemoteTestNG.initAndRun(RemoteTestNG.java:251)
at org.testng.remote.RemoteTestNG.main(RemoteTestNG.java:77)
]]>
    </error>
  </testcase> <!-- setUp -->
</testsuite> <!-- com.stc.gitcheck.cicdtest.scripts.OpenApplication -->
