<?xml version="1.0" encoding="UTF-8"?>
<!-- Generated by org.testng.reporters.JUnitXMLReporter -->
<testsuite hostname="Mahesh-PC" ignored="0" name="Test" tests="2" failures="0" timestamp="2021-06-10T09:29:52 IST" time="8.582" errors="0">
  <testcase name="@BeforeMethod setUp" time="8.457" classname="com.stc.gitcheck.cicdtest.scripts.OpenApplication">
    <failure type="org.openqa.selenium.SessionNotCreatedException" message="session not created
from disconnected: received Inspector.detached event
  (Session info: chrome=91.0.4472.77)
Build info: version: &amp;apos;3.141.59&amp;apos;, revision: &amp;apos;e82be7d358&amp;apos;, time: &amp;apos;2018-11-14T08:17:03&amp;apos;
System info: host: &amp;apos;MAHESH-PC&amp;apos;, ip: &amp;apos;192.168.43.155&amp;apos;, os.name: &amp;apos;Windows 7&amp;apos;, os.arch: &amp;apos;amd64&amp;apos;, os.version: &amp;apos;6.1&amp;apos;, java.version: &amp;apos;1.8.0_221&amp;apos;
Driver info: driver.version: ChromeDriver
remote stacktrace: Backtrace:
	Ordinal0 [0x00272DB3+2502067]
	Ordinal0 [0x0020C5B1+2082225]
	Ordinal0 [0x00112498+1057944]
	Ordinal0 [0x00105864+1005668]
	Ordinal0 [0x001054A4+1004708]
	Ordinal0 [0x00104BEC+1002476]
	Ordinal0 [0x00103D69+998761]
	Ordinal0 [0x00104026+999462]
	Ordinal0 [0x00103915+997653]
	Ordinal0 [0x0010E534+1041716]
	Ordinal0 [0x001038D1+997585]
	Ordinal0 [0x001047F6+1001462]
	Ordinal0 [0x00103D69+998761]
	Ordinal0 [0x00104026+999462]
	Ordinal0 [0x00103915+997653]
	Ordinal0 [0x0010C5AA+1033642]
	Ordinal0 [0x001038D1+997585]
	Ordinal0 [0x001047F6+1001462]
	Ordinal0 [0x00103D69+998761]
	Ordinal0 [0x00104026+999462]
	Ordinal0 [0x00103915+997653]
	Ordinal0 [0x0010A459+1025113]
	Ordinal0 [0x001038D1+997585]
	Ordinal0 [0x001047F6+1001462]
	Ordinal0 [0x00103D69+998761]
	Ordinal0 [0x00104026+999462]
	Ordinal0 [0x00103915+997653]
	Ordinal0 [0x0010977C+1021820]
	Ordinal0 [0x001038D1+997585]
	Ordinal0 [0x001047F6+1001462]
	Ordinal0 [0x00103D69+998761]
	Ordinal0 [0x00104026+999462]
	Ordinal0 [0x00103915+997653]
	Ordinal0 [0x000FF42D+980013]
	Ordinal0 [0x001038D1+997585]
	Ordinal0 [0x00103670+996976]
	Ordinal0 [0x00103409+996361]
	Ordinal0 [0x001136A0+1062560]
	Ordinal0 [0x0015AA59+1354329]
	Ordinal0 [0x0015967A+1349242]
	Ordinal0 [0x00155BEB+1334251]
	Ordinal0 [0x00132174+1188212]
	Ordinal0 [0x00133009+1191945]
	GetHandleVerifier [0x003EEC5C+1511084]
	GetHandleVerifier [0x00498522+2205554]
	GetHandleVerifier [0x002F3393+480739]
	GetHandleVerifier [0x002F2579+477129]
	Ordinal0 [0x00211E5D+2104925]
	Ordinal0 [0x002163F8+2122744]
	Ordinal0 [0x00216537+2123063]
	Ordinal0 [0x0021EE53+2158163]
	BaseThreadInitThunk [0x76E6343D+18]
	RtlInitializeExceptionChain [0x77AB9812+99]
	RtlInitializeExceptionChain [0x77AB97E5+54]
">
      <![CDATA[org.openqa.selenium.SessionNotCreatedException: session not created
from disconnected: received Inspector.detached event
  (Session info: chrome=91.0.4472.77)
Build info: version: '3.141.59', revision: 'e82be7d358', time: '2018-11-14T08:17:03'
System info: host: 'MAHESH-PC', ip: '192.168.43.155', os.name: 'Windows 7', os.arch: 'amd64', os.version: '6.1', java.version: '1.8.0_221'
Driver info: driver.version: ChromeDriver
remote stacktrace: Backtrace:
Ordinal0 [0x00272DB3+2502067]
Ordinal0 [0x0020C5B1+2082225]
Ordinal0 [0x00112498+1057944]
Ordinal0 [0x00105864+1005668]
Ordinal0 [0x001054A4+1004708]
Ordinal0 [0x00104BEC+1002476]
Ordinal0 [0x00103D69+998761]
Ordinal0 [0x00104026+999462]
Ordinal0 [0x00103915+997653]
Ordinal0 [0x0010E534+1041716]
Ordinal0 [0x001038D1+997585]
Ordinal0 [0x001047F6+1001462]
Ordinal0 [0x00103D69+998761]
Ordinal0 [0x00104026+999462]
Ordinal0 [0x00103915+997653]
Ordinal0 [0x0010C5AA+1033642]
Ordinal0 [0x001038D1+997585]
Ordinal0 [0x001047F6+1001462]
Ordinal0 [0x00103D69+998761]
Ordinal0 [0x00104026+999462]
Ordinal0 [0x00103915+997653]
Ordinal0 [0x0010A459+1025113]
Ordinal0 [0x001038D1+997585]
Ordinal0 [0x001047F6+1001462]
Ordinal0 [0x00103D69+998761]
Ordinal0 [0x00104026+999462]
Ordinal0 [0x00103915+997653]
Ordinal0 [0x0010977C+1021820]
Ordinal0 [0x001038D1+997585]
Ordinal0 [0x001047F6+1001462]
Ordinal0 [0x00103D69+998761]
Ordinal0 [0x00104026+999462]
Ordinal0 [0x00103915+997653]
Ordinal0 [0x000FF42D+980013]
Ordinal0 [0x001038D1+997585]
Ordinal0 [0x00103670+996976]
Ordinal0 [0x00103409+996361]
Ordinal0 [0x001136A0+1062560]
Ordinal0 [0x0015AA59+1354329]
Ordinal0 [0x0015967A+1349242]
Ordinal0 [0x00155BEB+1334251]
Ordinal0 [0x00132174+1188212]
Ordinal0 [0x00133009+1191945]
GetHandleVerifier [0x003EEC5C+1511084]
GetHandleVerifier [0x00498522+2205554]
GetHandleVerifier [0x002F3393+480739]
GetHandleVerifier [0x002F2579+477129]
Ordinal0 [0x00211E5D+2104925]
Ordinal0 [0x002163F8+2122744]
Ordinal0 [0x00216537+2123063]
Ordinal0 [0x0021EE53+2158163]
BaseThreadInitThunk [0x76E6343D+18]
RtlInitializeExceptionChain [0x77AB9812+99]
RtlInitializeExceptionChain [0x77AB97E5+54]

at org.openqa.selenium.remote.W3CHandshakeResponse.lambda$errorHandler$0(W3CHandshakeResponse.java:62)
at org.openqa.selenium.remote.HandshakeResponse.lambda$getResponseFunction$0(HandshakeResponse.java:30)
at org.openqa.selenium.remote.ProtocolHandshake.lambda$createSession$0(ProtocolHandshake.java:126)
at java.util.stream.ReferencePipeline$3$1.accept(ReferencePipeline.java:193)
at java.util.Spliterators$ArraySpliterator.tryAdvance(Spliterators.java:958)
at java.util.stream.ReferencePipeline.forEachWithCancel(ReferencePipeline.java:126)
at java.util.stream.AbstractPipeline.copyIntoWithCancel(AbstractPipeline.java:499)
at java.util.stream.AbstractPipeline.copyInto(AbstractPipeline.java:486)
at java.util.stream.AbstractPipeline.wrapAndCopyInto(AbstractPipeline.java:472)
at java.util.stream.FindOps$FindOp.evaluateSequential(FindOps.java:152)
at java.util.stream.AbstractPipeline.evaluate(AbstractPipeline.java:234)
at java.util.stream.ReferencePipeline.findFirst(ReferencePipeline.java:464)
at org.openqa.selenium.remote.ProtocolHandshake.createSession(ProtocolHandshake.java:128)
at org.openqa.selenium.remote.ProtocolHandshake.createSession(ProtocolHandshake.java:74)
at org.openqa.selenium.remote.HttpCommandExecutor.execute(HttpCommandExecutor.java:136)
at org.openqa.selenium.remote.service.DriverCommandExecutor.execute(DriverCommandExecutor.java:83)
at org.openqa.selenium.remote.RemoteWebDriver.execute(RemoteWebDriver.java:552)
at org.openqa.selenium.remote.RemoteWebDriver.startSession(RemoteWebDriver.java:213)
at org.openqa.selenium.remote.RemoteWebDriver.<init>(RemoteWebDriver.java:131)
at org.openqa.selenium.chrome.ChromeDriver.<init>(ChromeDriver.java:181)
at org.openqa.selenium.chrome.ChromeDriver.<init>(ChromeDriver.java:168)
at org.openqa.selenium.chrome.ChromeDriver.<init>(ChromeDriver.java:123)
at com.stc.gitcheck.cicdtest.scripts.OpenApplication.setUp(OpenApplication.java:21)
at java.util.ArrayList.forEach(ArrayList.java:1257)
... Removed 35 stack frames]]>
    </failure>
  </testcase> <!-- @BeforeMethod setUp -->
  <testcase name="@AfterMethod tearDown" time="-1.623297592415E9" classname="com.stc.gitcheck.cicdtest.scripts.OpenApplication">
    <skipped/>
  </testcase> <!-- @AfterMethod tearDown -->
  <testcase name="@BeforeMethod setUp" time="-1.623297592415E9" classname="com.stc.gitcheck.cicdtest.scripts.OpenApplication">
    <skipped/>
  </testcase> <!-- @BeforeMethod setUp -->
  <testcase name="@AfterMethod tearDown" time="-1.623297592431E9" classname="com.stc.gitcheck.cicdtest.scripts.OpenApplication">
    <skipped/>
  </testcase> <!-- @AfterMethod tearDown -->
  <testcase name="forgotpassword" time="0.0" classname="com.stc.gitcheck.cicdtest.scripts.OpenApplication">
    <skipped/>
  </testcase> <!-- forgotpassword -->
  <testcase name="openApplication" time="0.0" classname="com.stc.gitcheck.cicdtest.scripts.OpenApplication">
    <skipped/>
  </testcase> <!-- openApplication -->
</testsuite> <!-- Test -->
